0 info it worked if it ends with ok
1 verbose cli [ 'H:\\Program Files\\nodejs\\\\node.exe',
1 verbose cli   'H:\\Program Files\\nodejs\\node_modules\\npm\\bin\\npm-cli.js',
1 verbose cli   'install' ]
2 info using npm@1.4.9
3 info using node@v0.10.28
4 verbose node symlink H:\Program Files\nodejs\\node.exe
5 error install Couldn't read dependencies
6 error Error: Invalid version: "0.1"
6 error     at Object.module.exports.fixVersionField (H:\Program Files\nodejs\node_modules\npm\node_modules\read-package-json\node_modules\normalize-package-data\lib\fixer.js:183:13)
6 error     at H:\Program Files\nodejs\node_modules\npm\node_modules\read-package-json\node_modules\normalize-package-data\lib\normalize.js:30:38
6 error     at Array.forEach (native)
6 error     at normalize (H:\Program Files\nodejs\node_modules\npm\node_modules\read-package-json\node_modules\normalize-package-data\lib\normalize.js:29:15)
6 error     at final (H:\Program Files\nodejs\node_modules\npm\node_modules\read-package-json\read-json.js:342:33)
6 error     at then (H:\Program Files\nodejs\node_modules\npm\node_modules\read-package-json\read-json.js:126:33)
6 error     at H:\Program Files\nodejs\node_modules\npm\node_modules\read-package-json\read-json.js:266:40
6 error     at fs.js:266:14
6 error     at H:\Program Files\nodejs\node_modules\npm\node_modules\graceful-fs\graceful-fs.js:105:5
6 error     at Object.oncomplete (fs.js:107:15)
7 error If you need help, you may report this *entire* log,
7 error including the npm and node versions, at:
7 error     <http://github.com/npm/npm/issues>
8 error System Windows_NT 6.2.9200
9 error command "H:\\Program Files\\nodejs\\\\node.exe" "H:\\Program Files\\nodejs\\node_modules\\npm\\bin\\npm-cli.js" "install"
10 error cwd I:\Dropbox\MyProjects\Javascript\AJS
11 error node -v v0.10.28
12 error npm -v 1.4.9
13 verbose exit [ 1, true ]
